-- Install configuration: ""
-- Up-to-date: /home/ki2/Desktop/ros2_ws/src/Autonomous-Inspection-POC/install/gazebo/share/gazebo//launch
-- Up-to-date: /home/ki2/Desktop/ros2_ws/src/Autonomous-Inspection-POC/install/gazebo/share/gazebo//launch/iBot_world.launch.py
-- Up-to-date: /home/ki2/Desktop/ros2_ws/src/Autonomous-Inspection-POC/install/gazebo/share/gazebo//launch/__pycache__
-- Up-to-date: /home/ki2/Desktop/ros2_ws/src/Autonomous-Inspection-POC/install/gazebo/share/gazebo//launch/__pycache__/dolly.launch.cpython-38.pyc
-- Up-to-date: /home/ki2/Desktop/ros2_ws/src/Autonomous-Inspection-POC/install/gazebo/share/gazebo//models
-- Up-to-date: /home/ki2/Desktop/ros2_ws/src/Autonomous-Inspection-POC/install/gazebo/share/gazebo//models/aircraft
-- Up-to-date: /home/ki2/Desktop/ros2_ws/src/Autonomous-Inspection-POC/install/gazebo/share/gazebo//models/aircraft/model.config
-- Installing: /home/ki2/Desktop/ros2_ws/src/Autonomous-Inspection-POC/install/gazebo/share/gazebo//models/aircraft/model.sdf
-- Up-to-date: /home/ki2/Desktop/ros2_ws/src/Autonomous-Inspection-POC/install/gazebo/share/gazebo//models/aircraft/meshes
-- Up-to-date: /home/ki2/Desktop/ros2_ws/src/Autonomous-Inspection-POC/install/gazebo/share/gazebo//models/aircraft/meshes/cessna.obj
-- Up-to-date: /home/ki2/Desktop/ros2_ws/src/Autonomous-Inspection-POC/install/gazebo/share/gazebo//models/aircraft/meshes/cessna.mtl
-- Up-to-date: /home/ki2/Desktop/ros2_ws/src/Autonomous-Inspection-POC/install/gazebo/share/gazebo//models/iBot
-- Up-to-date: /home/ki2/Desktop/ros2_ws/src/Autonomous-Inspection-POC/install/gazebo/share/gazebo//models/iBot/model.config
-- Up-to-date: /home/ki2/Desktop/ros2_ws/src/Autonomous-Inspection-POC/install/gazebo/share/gazebo//models/iBot/iBot_v1.png
-- Up-to-date: /home/ki2/Desktop/ros2_ws/src/Autonomous-Inspection-POC/install/gazebo/share/gazebo//models/iBot/model.sdf
-- Up-to-date: /home/ki2/Desktop/ros2_ws/src/Autonomous-Inspection-POC/install/gazebo/share/gazebo//models/iBot/meshes
-- Up-to-date: /home/ki2/Desktop/ros2_ws/src/Autonomous-Inspection-POC/install/gazebo/share/gazebo//models/iBot/meshes/chassis.STL
-- Up-to-date: /home/ki2/Desktop/ros2_ws/src/Autonomous-Inspection-POC/install/gazebo/share/gazebo//models/iBot/meshes/wheel.SLDPRT
-- Up-to-date: /home/ki2/Desktop/ros2_ws/src/Autonomous-Inspection-POC/install/gazebo/share/gazebo//models/iBot/meshes/chassis.obj
-- Up-to-date: /home/ki2/Desktop/ros2_ws/src/Autonomous-Inspection-POC/install/gazebo/share/gazebo//models/iBot/meshes/chassis.dae
-- Up-to-date: /home/ki2/Desktop/ros2_ws/src/Autonomous-Inspection-POC/install/gazebo/share/gazebo//models/iBot/meshes/chassis.SLDPRT
-- Up-to-date: /home/ki2/Desktop/ros2_ws/src/Autonomous-Inspection-POC/install/gazebo/share/gazebo//models/iBot/meshes/wheel.STL
-- Up-to-date: /home/ki2/Desktop/ros2_ws/src/Autonomous-Inspection-POC/install/gazebo/share/gazebo//worlds
-- Up-to-date: /home/ki2/Desktop/ros2_ws/src/Autonomous-Inspection-POC/install/gazebo/share/gazebo//worlds/empty_area.world
-- Up-to-date: /home/ki2/Desktop/ros2_ws/src/Autonomous-Inspection-POC/install/gazebo/share/gazebo//worlds/iBot.world
-- Up-to-date: /home/ki2/Desktop/ros2_ws/src/Autonomous-Inspection-POC/install/gazebo/share/ament_index/resource_index/package_run_dependencies/gazebo
-- Up-to-date: /home/ki2/Desktop/ros2_ws/src/Autonomous-Inspection-POC/install/gazebo/share/ament_index/resource_index/parent_prefix_path/gazebo
-- Up-to-date: /home/ki2/Desktop/ros2_ws/src/Autonomous-Inspection-POC/install/gazebo/share/gazebo/environment/ament_prefix_path.sh
-- Up-to-date: /home/ki2/Desktop/ros2_ws/src/Autonomous-Inspection-POC/install/gazebo/share/gazebo/environment/ament_prefix_path.dsv
-- Up-to-date: /home/ki2/Desktop/ros2_ws/src/Autonomous-Inspection-POC/install/gazebo/share/gazebo/environment/path.sh
-- Up-to-date: /home/ki2/Desktop/ros2_ws/src/Autonomous-Inspection-POC/install/gazebo/share/gazebo/environment/path.dsv
-- Up-to-date: /home/ki2/Desktop/ros2_ws/src/Autonomous-Inspection-POC/install/gazebo/share/gazebo/local_setup.bash
-- Up-to-date: /home/ki2/Desktop/ros2_ws/src/Autonomous-Inspection-POC/install/gazebo/share/gazebo/local_setup.sh
-- Up-to-date: /home/ki2/Desktop/ros2_ws/src/Autonomous-Inspection-POC/install/gazebo/share/gazebo/local_setup.zsh
-- Up-to-date: /home/ki2/Desktop/ros2_ws/src/Autonomous-Inspection-POC/install/gazebo/share/gazebo/local_setup.dsv
-- Up-to-date: /home/ki2/Desktop/ros2_ws/src/Autonomous-Inspection-POC/install/gazebo/share/gazebo/package.dsv
-- Up-to-date: /home/ki2/Desktop/ros2_ws/src/Autonomous-Inspection-POC/install/gazebo/share/ament_index/resource_index/packages/gazebo
-- Up-to-date: /home/ki2/Desktop/ros2_ws/src/Autonomous-Inspection-POC/install/gazebo/share/gazebo/cmake/gazeboConfig.cmake
-- Up-to-date: /home/ki2/Desktop/ros2_ws/src/Autonomous-Inspection-POC/install/gazebo/share/gazebo/cmake/gazeboConfig-version.cmake
-- Up-to-date: /home/ki2/Desktop/ros2_ws/src/Autonomous-Inspection-POC/install/gazebo/share/gazebo/package.xml
