[0.200s] Invoking command in '/home/ki2/Desktop/ros2_ws/src/Autonomous-Inspection-POC/build/gazebo': CMAKE_PREFIX_PATH=/opt/ros/foxy /usr/bin/cmake --build /home/ki2/Desktop/ros2_ws/src/Autonomous-Inspection-POC/build/gazebo -- -j8 -l8
[0.391s] Invoked command in '/home/ki2/Desktop/ros2_ws/src/Autonomous-Inspection-POC/build/gazebo' returned '0': CMAKE_PREFIX_PATH=/opt/ros/foxy /usr/bin/cmake --build /home/ki2/Desktop/ros2_ws/src/Autonomous-Inspection-POC/build/gazebo -- -j8 -l8
[0.415s] Invoking command in '/home/ki2/Desktop/ros2_ws/src/Autonomous-Inspection-POC/build/gazebo': CMAKE_PREFIX_PATH=/opt/ros/foxy /usr/bin/cmake --install /home/ki2/Desktop/ros2_ws/src/Autonomous-Inspection-POC/build/gazebo
[0.424s] -- Install configuration: ""
[0.424s] -- Up-to-date: /home/ki2/Desktop/ros2_ws/src/Autonomous-Inspection-POC/install/gazebo/share/gazebo//launch
[0.424s] -- Up-to-date: /home/ki2/Desktop/ros2_ws/src/Autonomous-Inspection-POC/install/gazebo/share/gazebo//launch/iBot_world.launch.py
[0.424s] -- Up-to-date: /home/ki2/Desktop/ros2_ws/src/Autonomous-Inspection-POC/install/gazebo/share/gazebo//launch/__pycache__
[0.425s] -- Up-to-date: /home/ki2/Desktop/ros2_ws/src/Autonomous-Inspection-POC/install/gazebo/share/gazebo//launch/__pycache__/dolly.launch.cpython-38.pyc
[0.425s] -- Up-to-date: /home/ki2/Desktop/ros2_ws/src/Autonomous-Inspection-POC/install/gazebo/share/gazebo//models
[0.425s] -- Up-to-date: /home/ki2/Desktop/ros2_ws/src/Autonomous-Inspection-POC/install/gazebo/share/gazebo//models/aircraft
[0.425s] -- Up-to-date: /home/ki2/Desktop/ros2_ws/src/Autonomous-Inspection-POC/install/gazebo/share/gazebo//models/aircraft/model.config
[0.425s] -- Installing: /home/ki2/Desktop/ros2_ws/src/Autonomous-Inspection-POC/install/gazebo/share/gazebo//models/aircraft/model.sdf
[0.425s] -- Up-to-date: /home/ki2/Desktop/ros2_ws/src/Autonomous-Inspection-POC/install/gazebo/share/gazebo//models/aircraft/meshes
[0.425s] -- Up-to-date: /home/ki2/Desktop/ros2_ws/src/Autonomous-Inspection-POC/install/gazebo/share/gazebo//models/aircraft/meshes/cessna.obj
[0.426s] -- Up-to-date: /home/ki2/Desktop/ros2_ws/src/Autonomous-Inspection-POC/install/gazebo/share/gazebo//models/aircraft/meshes/cessna.mtl
[0.426s] -- Up-to-date: /home/ki2/Desktop/ros2_ws/src/Autonomous-Inspection-POC/install/gazebo/share/gazebo//models/iBot
[0.426s] -- Up-to-date: /home/ki2/Desktop/ros2_ws/src/Autonomous-Inspection-POC/install/gazebo/share/gazebo//models/iBot/model.config
[0.427s] -- Up-to-date: /home/ki2/Desktop/ros2_ws/src/Autonomous-Inspection-POC/install/gazebo/share/gazebo//models/iBot/iBot_v1.png
[0.427s] -- Up-to-date: /home/ki2/Desktop/ros2_ws/src/Autonomous-Inspection-POC/install/gazebo/share/gazebo//models/iBot/model.sdf
[0.428s] -- Up-to-date: /home/ki2/Desktop/ros2_ws/src/Autonomous-Inspection-POC/install/gazebo/share/gazebo//models/iBot/meshes
[0.428s] -- Up-to-date: /home/ki2/Desktop/ros2_ws/src/Autonomous-Inspection-POC/install/gazebo/share/gazebo//models/iBot/meshes/chassis.STL
[0.428s] -- Up-to-date: /home/ki2/Desktop/ros2_ws/src/Autonomous-Inspection-POC/install/gazebo/share/gazebo//models/iBot/meshes/wheel.SLDPRT
[0.429s] -- Up-to-date: /home/ki2/Desktop/ros2_ws/src/Autonomous-Inspection-POC/install/gazebo/share/gazebo//models/iBot/meshes/chassis.obj
[0.429s] -- Up-to-date: /home/ki2/Desktop/ros2_ws/src/Autonomous-Inspection-POC/install/gazebo/share/gazebo//models/iBot/meshes/chassis.dae
[0.429s] -- Up-to-date: /home/ki2/Desktop/ros2_ws/src/Autonomous-Inspection-POC/install/gazebo/share/gazebo//models/iBot/meshes/chassis.SLDPRT
[0.430s] -- Up-to-date: /home/ki2/Desktop/ros2_ws/src/Autonomous-Inspection-POC/install/gazebo/share/gazebo//models/iBot/meshes/wheel.STL
[0.430s] -- Up-to-date: /home/ki2/Desktop/ros2_ws/src/Autonomous-Inspection-POC/install/gazebo/share/gazebo//worlds
[0.430s] -- Up-to-date: /home/ki2/Desktop/ros2_ws/src/Autonomous-Inspection-POC/install/gazebo/share/gazebo//worlds/empty_area.world
[0.431s] -- Up-to-date: /home/ki2/Desktop/ros2_ws/src/Autonomous-Inspection-POC/install/gazebo/share/gazebo//worlds/iBot.world
[0.433s] -- Up-to-date: /home/ki2/Desktop/ros2_ws/src/Autonomous-Inspection-POC/install/gazebo/share/ament_index/resource_index/package_run_dependencies/gazebo
[0.433s] -- Up-to-date: /home/ki2/Desktop/ros2_ws/src/Autonomous-Inspection-POC/install/gazebo/share/ament_index/resource_index/parent_prefix_path/gazebo
[0.433s] -- Up-to-date: /home/ki2/Desktop/ros2_ws/src/Autonomous-Inspection-POC/install/gazebo/share/gazebo/environment/ament_prefix_path.sh
[0.434s] -- Up-to-date: /home/ki2/Desktop/ros2_ws/src/Autonomous-Inspection-POC/install/gazebo/share/gazebo/environment/ament_prefix_path.dsv
[0.434s] -- Up-to-date: /home/ki2/Desktop/ros2_ws/src/Autonomous-Inspection-POC/install/gazebo/share/gazebo/environment/path.sh
[0.434s] -- Up-to-date: /home/ki2/Desktop/ros2_ws/src/Autonomous-Inspection-POC/install/gazebo/share/gazebo/environment/path.dsv
[0.434s] -- Up-to-date: /home/ki2/Desktop/ros2_ws/src/Autonomous-Inspection-POC/install/gazebo/share/gazebo/local_setup.bash
[0.435s] -- Up-to-date: /home/ki2/Desktop/ros2_ws/src/Autonomous-Inspection-POC/install/gazebo/share/gazebo/local_setup.sh
[0.435s] -- Up-to-date: /home/ki2/Desktop/ros2_ws/src/Autonomous-Inspection-POC/install/gazebo/share/gazebo/local_setup.zsh
[0.436s] -- Up-to-date: /home/ki2/Desktop/ros2_ws/src/Autonomous-Inspection-POC/install/gazebo/share/gazebo/local_setup.dsv
[0.436s] -- Up-to-date: /home/ki2/Desktop/ros2_ws/src/Autonomous-Inspection-POC/install/gazebo/share/gazebo/package.dsv
[0.436s] -- Up-to-date: /home/ki2/Desktop/ros2_ws/src/Autonomous-Inspection-POC/install/gazebo/share/ament_index/resource_index/packages/gazebo
[0.437s] -- Up-to-date: /home/ki2/Desktop/ros2_ws/src/Autonomous-Inspection-POC/install/gazebo/share/gazebo/cmake/gazeboConfig.cmake
[0.437s] -- Up-to-date: /home/ki2/Desktop/ros2_ws/src/Autonomous-Inspection-POC/install/gazebo/share/gazebo/cmake/gazeboConfig-version.cmake
[0.438s] -- Up-to-date: /home/ki2/Desktop/ros2_ws/src/Autonomous-Inspection-POC/install/gazebo/share/gazebo/package.xml
[0.439s] Invoked command in '/home/ki2/Desktop/ros2_ws/src/Autonomous-Inspection-POC/build/gazebo' returned '0': CMAKE_PREFIX_PATH=/opt/ros/foxy /usr/bin/cmake --install /home/ki2/Desktop/ros2_ws/src/Autonomous-Inspection-POC/build/gazebo
