[0.248s] DEBUG:colcon:Command line arguments: ['/usr/bin/colcon', 'build']
[0.248s] DEBUG:colcon:Parsed command line arguments: Namespace(ament_cmake_args=None, base_paths=['.'], build_base='build', catkin_cmake_args=None, catkin_skip_building_tests=False, cmake_args=None, cmake_clean_cache=False, cmake_clean_first=False, cmake_force_configure=False, cmake_target=None, cmake_target_skip_unavailable=False, continue_on_error=False, event_handlers=None, executor='parallel', ignore_user_meta=False, install_base='install', log_base=None, log_level=None, main=<bound method BuildVerb.main of <colcon_core.verb.build.BuildVerb object at 0x7f79b5946490>>, merge_install=False, metas=['./colcon.meta'], packages_above=None, packages_above_and_dependencies=None, packages_above_depth=None, packages_end=None, packages_ignore=None, packages_ignore_regex=None, packages_select=None, packages_select_build_failed=False, packages_select_by_dep=None, packages_select_regex=None, packages_select_test_failures=False, packages_skip=None, packages_skip_build_finished=False, packages_skip_by_dep=None, packages_skip_regex=None, packages_skip_test_passed=False, packages_skip_up_to=None, packages_start=None, packages_up_to=None, packages_up_to_regex=None, parallel_workers=8, paths=None, symlink_install=False, test_result_base=None, verb_extension=<colcon_core.verb.build.BuildVerb object at 0x7f79b5946490>, verb_name='build', verb_parser=<colcon_defaults.argument_parser.defaults.DefaultArgumentsDecorator object at 0x7f79b59469d0>)
[0.253s] Level 1:colcon.colcon_core.package_discovery:discover_packages(colcon_meta) check parameters
[0.253s] Level 1:colcon.colcon_core.package_discovery:discover_packages(recursive) check parameters
[0.253s] Level 1:colcon.colcon_core.package_discovery:discover_packages(ignore) check parameters
[0.253s] Level 1:colcon.colcon_core.package_discovery:discover_packages(path) check parameters
[0.253s] Level 1:colcon.colcon_core.package_discovery:discover_packages(colcon_meta) discover
[0.253s] Level 1:colcon.colcon_core.package_discovery:discover_packages(recursive) discover
[0.253s] INFO:colcon.colcon_core.package_discovery:Crawling recursively for packages in '/home/ki2/Desktop/ros2_ws/src/Autonomous-Inspection-POC'
[0.253s] Level 1:colcon.colcon_core.package_identification:_identify(.) by extensions ['ignore', 'ignore_ament_install']
[0.253s] Level 1:colcon.colcon_core.package_identification:_identify(.) by extension 'ignore'
[0.253s] Level 1:colcon.colcon_core.package_identification:_identify(.) by extension 'ignore_ament_install'
[0.253s] Level 1:colcon.colcon_core.package_identification:_identify(.) by extensions ['colcon_pkg']
[0.253s] Level 1:colcon.colcon_core.package_identification:_identify(.) by extension 'colcon_pkg'
[0.253s] Level 1:colcon.colcon_core.package_identification:_identify(.) by extensions ['colcon_meta']
[0.253s] Level 1:colcon.colcon_core.package_identification:_identify(.) by extension 'colcon_meta'
[0.253s] Level 1:colcon.colcon_core.package_identification:_identify(.) by extensions ['ros']
[0.253s] Level 1:colcon.colcon_core.package_identification:_identify(.) by extension 'ros'
[0.263s] Level 1:colcon.colcon_core.package_identification:_identify(.) by extensions ['cmake', 'python']
[0.263s] Level 1:colcon.colcon_core.package_identification:_identify(.) by extension 'cmake'
[0.263s] Level 1:colcon.colcon_core.package_identification:_identify(.) by extension 'python'
[0.263s] Level 1:colcon.colcon_core.package_identification:_identify(.) by extensions ['python_setup_py']
[0.263s] Level 1:colcon.colcon_core.package_identification:_identify(.) by extension 'python_setup_py'
[0.263s] Level 1:colcon.colcon_core.package_identification:_identify(build) by extensions ['ignore', 'ignore_ament_install']
[0.263s] Level 1:colcon.colcon_core.package_identification:_identify(build) by extension 'ignore'
[0.263s] Level 1:colcon.colcon_core.package_identification:_identify(build) ignored
[0.263s] Level 1:colcon.colcon_core.package_identification:_identify(gazebo) by extensions ['ignore', 'ignore_ament_install']
[0.263s] Level 1:colcon.colcon_core.package_identification:_identify(gazebo) by extension 'ignore'
[0.264s] Level 1:colcon.colcon_core.package_identification:_identify(gazebo) by extension 'ignore_ament_install'
[0.264s] Level 1:colcon.colcon_core.package_identification:_identify(gazebo) by extensions ['colcon_pkg']
[0.264s] Level 1:colcon.colcon_core.package_identification:_identify(gazebo) by extension 'colcon_pkg'
[0.264s] Level 1:colcon.colcon_core.package_identification:_identify(gazebo) by extensions ['colcon_meta']
[0.264s] Level 1:colcon.colcon_core.package_identification:_identify(gazebo) by extension 'colcon_meta'
[0.264s] Level 1:colcon.colcon_core.package_identification:_identify(gazebo) by extensions ['ros']
[0.264s] Level 1:colcon.colcon_core.package_identification:_identify(gazebo) by extension 'ros'
[0.266s] DEBUG:colcon.colcon_core.package_identification:Package 'gazebo' with type 'ros.ament_cmake' and name 'gazebo'
[0.267s] Level 1:colcon.colcon_core.package_identification:_identify(install) by extensions ['ignore', 'ignore_ament_install']
[0.267s] Level 1:colcon.colcon_core.package_identification:_identify(install) by extension 'ignore'
[0.267s] Level 1:colcon.colcon_core.package_identification:_identify(install) ignored
[0.267s] Level 1:colcon.colcon_core.package_identification:_identify(log) by extensions ['ignore', 'ignore_ament_install']
[0.267s] Level 1:colcon.colcon_core.package_identification:_identify(log) by extension 'ignore'
[0.267s] Level 1:colcon.colcon_core.package_identification:_identify(log) ignored
[0.267s] Level 1:colcon.colcon_core.package_identification:_identify(path_planning) by extensions ['ignore', 'ignore_ament_install']
[0.267s] Level 1:colcon.colcon_core.package_identification:_identify(path_planning) by extension 'ignore'
[0.267s] Level 1:colcon.colcon_core.package_identification:_identify(path_planning) by extension 'ignore_ament_install'
[0.267s] Level 1:colcon.colcon_core.package_identification:_identify(path_planning) by extensions ['colcon_pkg']
[0.267s] Level 1:colcon.colcon_core.package_identification:_identify(path_planning) by extension 'colcon_pkg'
[0.267s] Level 1:colcon.colcon_core.package_identification:_identify(path_planning) by extensions ['colcon_meta']
[0.267s] Level 1:colcon.colcon_core.package_identification:_identify(path_planning) by extension 'colcon_meta'
[0.267s] Level 1:colcon.colcon_core.package_identification:_identify(path_planning) by extensions ['ros']
[0.267s] Level 1:colcon.colcon_core.package_identification:_identify(path_planning) by extension 'ros'
[0.267s] Level 1:colcon.colcon_core.package_identification:_identify(path_planning) by extensions ['cmake', 'python']
[0.268s] Level 1:colcon.colcon_core.package_identification:_identify(path_planning) by extension 'cmake'
[0.268s] Level 1:colcon.colcon_core.package_identification:_identify(path_planning) by extension 'python'
[0.268s] Level 1:colcon.colcon_core.package_identification:_identify(path_planning) by extensions ['python_setup_py']
[0.268s] Level 1:colcon.colcon_core.package_identification:_identify(path_planning) by extension 'python_setup_py'
[0.268s] Level 1:colcon.colcon_core.package_identification:_identify(path_planning/edf_thrust_controller) by extensions ['ignore', 'ignore_ament_install']
[0.268s] Level 1:colcon.colcon_core.package_identification:_identify(path_planning/edf_thrust_controller) by extension 'ignore'
[0.268s] Level 1:colcon.colcon_core.package_identification:_identify(path_planning/edf_thrust_controller) by extension 'ignore_ament_install'
[0.268s] Level 1:colcon.colcon_core.package_identification:_identify(path_planning/edf_thrust_controller) by extensions ['colcon_pkg']
[0.268s] Level 1:colcon.colcon_core.package_identification:_identify(path_planning/edf_thrust_controller) by extension 'colcon_pkg'
[0.268s] Level 1:colcon.colcon_core.package_identification:_identify(path_planning/edf_thrust_controller) by extensions ['colcon_meta']
[0.268s] Level 1:colcon.colcon_core.package_identification:_identify(path_planning/edf_thrust_controller) by extension 'colcon_meta'
[0.268s] Level 1:colcon.colcon_core.package_identification:_identify(path_planning/edf_thrust_controller) by extensions ['ros']
[0.268s] Level 1:colcon.colcon_core.package_identification:_identify(path_planning/edf_thrust_controller) by extension 'ros'
[0.269s] DEBUG:colcon.colcon_core.package_identification:Package 'path_planning/edf_thrust_controller' with type 'ros.ament_python' and name 'edf_thrust_controller'
[0.269s] Level 1:colcon.colcon_core.package_identification:_identify(path_planning/python_controller) by extensions ['ignore', 'ignore_ament_install']
[0.269s] Level 1:colcon.colcon_core.package_identification:_identify(path_planning/python_controller) by extension 'ignore'
[0.269s] Level 1:colcon.colcon_core.package_identification:_identify(path_planning/python_controller) by extension 'ignore_ament_install'
[0.269s] Level 1:colcon.colcon_core.package_identification:_identify(path_planning/python_controller) by extensions ['colcon_pkg']
[0.269s] Level 1:colcon.colcon_core.package_identification:_identify(path_planning/python_controller) by extension 'colcon_pkg'
[0.269s] Level 1:colcon.colcon_core.package_identification:_identify(path_planning/python_controller) by extensions ['colcon_meta']
[0.269s] Level 1:colcon.colcon_core.package_identification:_identify(path_planning/python_controller) by extension 'colcon_meta'
[0.269s] Level 1:colcon.colcon_core.package_identification:_identify(path_planning/python_controller) by extensions ['ros']
[0.269s] Level 1:colcon.colcon_core.package_identification:_identify(path_planning/python_controller) by extension 'ros'
[0.269s] DEBUG:colcon.colcon_core.package_identification:Package 'path_planning/python_controller' with type 'ros.ament_python' and name 'python_controller'
[0.270s] Level 1:colcon.colcon_core.package_discovery:discover_packages(recursive) using defaults
[0.270s] Level 1:colcon.colcon_core.package_discovery:discover_packages(ignore) discover
[0.270s] Level 1:colcon.colcon_core.package_discovery:discover_packages(ignore) using defaults
[0.270s] Level 1:colcon.colcon_core.package_discovery:discover_packages(path) discover
[0.270s] Level 1:colcon.colcon_core.package_discovery:discover_packages(path) using defaults
[0.286s] Level 5:colcon.colcon_core.verb:set package 'edf_thrust_controller' build argument 'cmake_args' from command line to 'None'
[0.286s] Level 5:colcon.colcon_core.verb:set package 'edf_thrust_controller' build argument 'cmake_target' from command line to 'None'
[0.286s] Level 5:colcon.colcon_core.verb:set package 'edf_thrust_controller' build argument 'cmake_target_skip_unavailable' from command line to 'False'
[0.286s] Level 5:colcon.colcon_core.verb:set package 'edf_thrust_controller' build argument 'cmake_clean_cache' from command line to 'False'
[0.286s] Level 5:colcon.colcon_core.verb:set package 'edf_thrust_controller' build argument 'cmake_clean_first' from command line to 'False'
[0.286s] Level 5:colcon.colcon_core.verb:set package 'edf_thrust_controller' build argument 'cmake_force_configure' from command line to 'False'
[0.286s] Level 5:colcon.colcon_core.verb:set package 'edf_thrust_controller' build argument 'ament_cmake_args' from command line to 'None'
[0.286s] Level 5:colcon.colcon_core.verb:set package 'edf_thrust_controller' build argument 'catkin_cmake_args' from command line to 'None'
[0.286s] Level 5:colcon.colcon_core.verb:set package 'edf_thrust_controller' build argument 'catkin_skip_building_tests' from command line to 'False'
[0.286s] DEBUG:colcon.colcon_core.verb:Building package 'edf_thrust_controller' with the following arguments: {'ament_cmake_args': None, 'build_base': '/home/ki2/Desktop/ros2_ws/src/Autonomous-Inspection-POC/build/edf_thrust_controller', 'catkin_cmake_args': None, 'catkin_skip_building_tests': False, 'cmake_args': None, 'cmake_clean_cache': False, 'cmake_clean_first': False, 'cmake_force_configure': False, 'cmake_target': None, 'cmake_target_skip_unavailable': False, 'install_base': '/home/ki2/Desktop/ros2_ws/src/Autonomous-Inspection-POC/install/edf_thrust_controller', 'merge_install': False, 'path': '/home/ki2/Desktop/ros2_ws/src/Autonomous-Inspection-POC/path_planning/edf_thrust_controller', 'symlink_install': False, 'test_result_base': None}
[0.288s] Level 5:colcon.colcon_core.verb:set package 'gazebo' build argument 'cmake_args' from command line to 'None'
[0.288s] Level 5:colcon.colcon_core.verb:set package 'gazebo' build argument 'cmake_target' from command line to 'None'
[0.289s] Level 5:colcon.colcon_core.verb:set package 'gazebo' build argument 'cmake_target_skip_unavailable' from command line to 'False'
[0.289s] Level 5:colcon.colcon_core.verb:set package 'gazebo' build argument 'cmake_clean_cache' from command line to 'False'
[0.289s] Level 5:colcon.colcon_core.verb:set package 'gazebo' build argument 'cmake_clean_first' from command line to 'False'
[0.289s] Level 5:colcon.colcon_core.verb:set package 'gazebo' build argument 'cmake_force_configure' from command line to 'False'
[0.289s] Level 5:colcon.colcon_core.verb:set package 'gazebo' build argument 'ament_cmake_args' from command line to 'None'
[0.289s] Level 5:colcon.colcon_core.verb:set package 'gazebo' build argument 'catkin_cmake_args' from command line to 'None'
[0.289s] Level 5:colcon.colcon_core.verb:set package 'gazebo' build argument 'catkin_skip_building_tests' from command line to 'False'
[0.289s] DEBUG:colcon.colcon_core.verb:Building package 'gazebo' with the following arguments: {'ament_cmake_args': None, 'build_base': '/home/ki2/Desktop/ros2_ws/src/Autonomous-Inspection-POC/build/gazebo', 'catkin_cmake_args': None, 'catkin_skip_building_tests': False, 'cmake_args': None, 'cmake_clean_cache': False, 'cmake_clean_first': False, 'cmake_force_configure': False, 'cmake_target': None, 'cmake_target_skip_unavailable': False, 'install_base': '/home/ki2/Desktop/ros2_ws/src/Autonomous-Inspection-POC/install/gazebo', 'merge_install': False, 'path': '/home/ki2/Desktop/ros2_ws/src/Autonomous-Inspection-POC/gazebo', 'symlink_install': False, 'test_result_base': None}
[0.291s] Level 5:colcon.colcon_core.verb:set package 'python_controller' build argument 'cmake_args' from command line to 'None'
[0.291s] Level 5:colcon.colcon_core.verb:set package 'python_controller' build argument 'cmake_target' from command line to 'None'
[0.291s] Level 5:colcon.colcon_core.verb:set package 'python_controller' build argument 'cmake_target_skip_unavailable' from command line to 'False'
[0.291s] Level 5:colcon.colcon_core.verb:set package 'python_controller' build argument 'cmake_clean_cache' from command line to 'False'
[0.291s] Level 5:colcon.colcon_core.verb:set package 'python_controller' build argument 'cmake_clean_first' from command line to 'False'
[0.291s] Level 5:colcon.colcon_core.verb:set package 'python_controller' build argument 'cmake_force_configure' from command line to 'False'
[0.291s] Level 5:colcon.colcon_core.verb:set package 'python_controller' build argument 'ament_cmake_args' from command line to 'None'
[0.291s] Level 5:colcon.colcon_core.verb:set package 'python_controller' build argument 'catkin_cmake_args' from command line to 'None'
[0.291s] Level 5:colcon.colcon_core.verb:set package 'python_controller' build argument 'catkin_skip_building_tests' from command line to 'False'
[0.291s] DEBUG:colcon.colcon_core.verb:Building package 'python_controller' with the following arguments: {'ament_cmake_args': None, 'build_base': '/home/ki2/Desktop/ros2_ws/src/Autonomous-Inspection-POC/build/python_controller', 'catkin_cmake_args': None, 'catkin_skip_building_tests': False, 'cmake_args': None, 'cmake_clean_cache': False, 'cmake_clean_first': False, 'cmake_force_configure': False, 'cmake_target': None, 'cmake_target_skip_unavailable': False, 'install_base': '/home/ki2/Desktop/ros2_ws/src/Autonomous-Inspection-POC/install/python_controller', 'merge_install': False, 'path': '/home/ki2/Desktop/ros2_ws/src/Autonomous-Inspection-POC/path_planning/python_controller', 'symlink_install': False, 'test_result_base': None}
[0.291s] INFO:colcon.colcon_core.executor:Executing jobs using 'parallel' executor
[0.293s] DEBUG:colcon.colcon_parallel_executor.executor.parallel:run_until_complete
[0.293s] INFO:colcon.colcon_ros.task.ament_python.build:Building ROS package in '/home/ki2/Desktop/ros2_ws/src/Autonomous-Inspection-POC/path_planning/edf_thrust_controller' with build type 'ament_python'
[0.293s] Level 1:colcon.colcon_core.shell:create_environment_hook('edf_thrust_controller', 'ament_prefix_path')
[0.296s] INFO:colcon.colcon_core.plugin_system:Skipping extension 'colcon_core.shell.bat': Not used on non-Windows systems
[0.296s] INFO:colcon.colcon_core.shell:Creating environment hook '/home/ki2/Desktop/ros2_ws/src/Autonomous-Inspection-POC/install/edf_thrust_controller/share/edf_thrust_controller/hook/ament_prefix_path.ps1'
[0.297s] INFO:colcon.colcon_core.shell:Creating environment descriptor '/home/ki2/Desktop/ros2_ws/src/Autonomous-Inspection-POC/install/edf_thrust_controller/share/edf_thrust_controller/hook/ament_prefix_path.dsv'
[0.297s] INFO:colcon.colcon_core.shell:Creating environment hook '/home/ki2/Desktop/ros2_ws/src/Autonomous-Inspection-POC/install/edf_thrust_controller/share/edf_thrust_controller/hook/ament_prefix_path.sh'
[0.298s] INFO:colcon.colcon_core.shell:Skip shell extension 'powershell' for command environment: Not usable outside of PowerShell
[0.298s] DEBUG:colcon.colcon_core.shell:Skip shell extension 'dsv' for command environment
[0.300s] DEBUG:colcon.colcon_core.shell:Ignoring prefix path '/opt/ros/foxy'
[0.302s] INFO:colcon.colcon_ros.task.ament_cmake.build:Building ROS package in '/home/ki2/Desktop/ros2_ws/src/Autonomous-Inspection-POC/gazebo' with build type 'ament_cmake'
[0.302s] INFO:colcon.colcon_cmake.task.cmake.build:Building CMake package in '/home/ki2/Desktop/ros2_ws/src/Autonomous-Inspection-POC/gazebo'
[0.303s] INFO:colcon.colcon_core.shell:Skip shell extension 'powershell' for command environment: Not usable outside of PowerShell
[0.303s] DEBUG:colcon.colcon_core.shell:Skip shell extension 'dsv' for command environment
[0.304s] DEBUG:colcon.colcon_core.shell:Ignoring prefix path '/opt/ros/foxy'
[0.306s] INFO:colcon.colcon_ros.task.ament_python.build:Building ROS package in '/home/ki2/Desktop/ros2_ws/src/Autonomous-Inspection-POC/path_planning/python_controller' with build type 'ament_python'
[0.306s] Level 1:colcon.colcon_core.shell:create_environment_hook('python_controller', 'ament_prefix_path')
[0.307s] INFO:colcon.colcon_core.shell:Creating environment hook '/home/ki2/Desktop/ros2_ws/src/Autonomous-Inspection-POC/install/python_controller/share/python_controller/hook/ament_prefix_path.ps1'
[0.308s] INFO:colcon.colcon_core.shell:Creating environment descriptor '/home/ki2/Desktop/ros2_ws/src/Autonomous-Inspection-POC/install/python_controller/share/python_controller/hook/ament_prefix_path.dsv'
[0.308s] INFO:colcon.colcon_core.shell:Creating environment hook '/home/ki2/Desktop/ros2_ws/src/Autonomous-Inspection-POC/install/python_controller/share/python_controller/hook/ament_prefix_path.sh'
[0.309s] INFO:colcon.colcon_core.shell:Skip shell extension 'powershell' for command environment: Not usable outside of PowerShell
[0.309s] DEBUG:colcon.colcon_core.shell:Skip shell extension 'dsv' for command environment
[0.310s] DEBUG:colcon.colcon_core.shell:Ignoring prefix path '/opt/ros/foxy'
[0.495s] INFO:colcon.colcon_core.task.python.build:Building Python package in '/home/ki2/Desktop/ros2_ws/src/Autonomous-Inspection-POC/path_planning/edf_thrust_controller'
[0.496s] INFO:colcon.colcon_core.shell:Skip shell extension 'powershell' for command environment: Not usable outside of PowerShell
[0.496s] DEBUG:colcon.colcon_core.shell:Skip shell extension 'dsv' for command environment
[0.497s] DEBUG:colcon.colcon_core.shell:Ignoring prefix path '/opt/ros/foxy'
[0.504s] DEBUG:colcon.colcon_core.event_handler.log_command:Invoking command in '/home/ki2/Desktop/ros2_ws/src/Autonomous-Inspection-POC/build/gazebo': CMAKE_PREFIX_PATH=/opt/ros/foxy /usr/bin/cmake --build /home/ki2/Desktop/ros2_ws/src/Autonomous-Inspection-POC/build/gazebo -- -j8 -l8
[0.688s] INFO:colcon.colcon_core.task.python.build:Building Python package in '/home/ki2/Desktop/ros2_ws/src/Autonomous-Inspection-POC/path_planning/python_controller'
[0.689s] INFO:colcon.colcon_core.shell:Skip shell extension 'powershell' for command environment: Not usable outside of PowerShell
[0.689s] DEBUG:colcon.colcon_core.shell:Skip shell extension 'dsv' for command environment
[0.690s] DEBUG:colcon.colcon_core.shell:Ignoring prefix path '/opt/ros/foxy'
[0.696s] DEBUG:colcon.colcon_core.event_handler.log_command:Invoked command in '/home/ki2/Desktop/ros2_ws/src/Autonomous-Inspection-POC/build/gazebo' returned '0': CMAKE_PREFIX_PATH=/opt/ros/foxy /usr/bin/cmake --build /home/ki2/Desktop/ros2_ws/src/Autonomous-Inspection-POC/build/gazebo -- -j8 -l8
[0.699s] DEBUG:colcon.colcon_core.event_handler.log_command:Invoking command in '/home/ki2/Desktop/ros2_ws/src/Autonomous-Inspection-POC/path_planning/edf_thrust_controller': PYTHONPATH=/home/ki2/Desktop/ros2_ws/src/Autonomous-Inspection-POC/install/edf_thrust_controller/lib/python3.8/site-packages:${PYTHONPATH} /usr/bin/python3 setup.py egg_info --egg-base ../../build/edf_thrust_controller build --build-base /home/ki2/Desktop/ros2_ws/src/Autonomous-Inspection-POC/build/edf_thrust_controller/build install --prefix /home/ki2/Desktop/ros2_ws/src/Autonomous-Inspection-POC/install/edf_thrust_controller --record /home/ki2/Desktop/ros2_ws/src/Autonomous-Inspection-POC/build/edf_thrust_controller/install.log --single-version-externally-managed
[0.703s] DEBUG:colcon.colcon_core.event_handler.log_command:Invoking command in '/home/ki2/Desktop/ros2_ws/src/Autonomous-Inspection-POC/path_planning/python_controller': PYTHONPATH=/home/ki2/Desktop/ros2_ws/src/Autonomous-Inspection-POC/install/python_controller/lib/python3.8/site-packages:${PYTHONPATH} /usr/bin/python3 setup.py egg_info --egg-base ../../build/python_controller build --build-base /home/ki2/Desktop/ros2_ws/src/Autonomous-Inspection-POC/build/python_controller/build install --prefix /home/ki2/Desktop/ros2_ws/src/Autonomous-Inspection-POC/install/python_controller --record /home/ki2/Desktop/ros2_ws/src/Autonomous-Inspection-POC/build/python_controller/install.log --single-version-externally-managed
[0.721s] DEBUG:colcon.colcon_core.event_handler.log_command:Invoking command in '/home/ki2/Desktop/ros2_ws/src/Autonomous-Inspection-POC/build/gazebo': CMAKE_PREFIX_PATH=/opt/ros/foxy /usr/bin/cmake --install /home/ki2/Desktop/ros2_ws/src/Autonomous-Inspection-POC/build/gazebo
[0.731s] Level 1:colcon.colcon_core.environment:create_environment_scripts_only(gazebo)
[0.737s] Level 1:colcon.colcon_core.environment:checking '/home/ki2/Desktop/ros2_ws/src/Autonomous-Inspection-POC/install/gazebo' for CMake module files
[0.737s] Level 1:colcon.colcon_core.environment:checking '/home/ki2/Desktop/ros2_ws/src/Autonomous-Inspection-POC/install/gazebo' for CMake config files
[0.738s] Level 1:colcon.colcon_core.shell:create_environment_hook('gazebo', 'cmake_prefix_path')
[0.739s] INFO:colcon.colcon_core.shell:Creating environment hook '/home/ki2/Desktop/ros2_ws/src/Autonomous-Inspection-POC/install/gazebo/share/gazebo/hook/cmake_prefix_path.ps1'
[0.740s] INFO:colcon.colcon_core.shell:Creating environment descriptor '/home/ki2/Desktop/ros2_ws/src/Autonomous-Inspection-POC/install/gazebo/share/gazebo/hook/cmake_prefix_path.dsv'
[0.740s] INFO:colcon.colcon_core.shell:Creating environment hook '/home/ki2/Desktop/ros2_ws/src/Autonomous-Inspection-POC/install/gazebo/share/gazebo/hook/cmake_prefix_path.sh'
[0.741s] Level 1:colcon.colcon_core.environment:checking '/home/ki2/Desktop/ros2_ws/src/Autonomous-Inspection-POC/install/gazebo/bin'
[0.741s] Level 1:colcon.colcon_core.environment:checking '/home/ki2/Desktop/ros2_ws/src/Autonomous-Inspection-POC/install/gazebo/lib/pkgconfig/gazebo.pc'
[0.741s] Level 1:colcon.colcon_core.environment:checking '/home/ki2/Desktop/ros2_ws/src/Autonomous-Inspection-POC/install/gazebo/lib/python3.8/site-packages'
[0.742s] INFO:colcon.colcon_core.shell:Creating package script '/home/ki2/Desktop/ros2_ws/src/Autonomous-Inspection-POC/install/gazebo/share/gazebo/package.ps1'
[0.743s] INFO:colcon.colcon_core.shell:Creating package descriptor '/home/ki2/Desktop/ros2_ws/src/Autonomous-Inspection-POC/install/gazebo/share/gazebo/package.dsv'
[0.743s] DEBUG:colcon.colcon_core.event_handler.log_command:Invoked command in '/home/ki2/Desktop/ros2_ws/src/Autonomous-Inspection-POC/build/gazebo' returned '0': CMAKE_PREFIX_PATH=/opt/ros/foxy /usr/bin/cmake --install /home/ki2/Desktop/ros2_ws/src/Autonomous-Inspection-POC/build/gazebo
[0.744s] INFO:colcon.colcon_core.shell:Creating package script '/home/ki2/Desktop/ros2_ws/src/Autonomous-Inspection-POC/install/gazebo/share/gazebo/package.sh'
[0.744s] INFO:colcon.colcon_core.shell:Creating package script '/home/ki2/Desktop/ros2_ws/src/Autonomous-Inspection-POC/install/gazebo/share/gazebo/package.bash'
[0.745s] INFO:colcon.colcon_core.shell:Creating package script '/home/ki2/Desktop/ros2_ws/src/Autonomous-Inspection-POC/install/gazebo/share/gazebo/package.zsh'
[0.746s] Level 1:colcon.colcon_core.environment:create_file_with_runtime_dependencies(/home/ki2/Desktop/ros2_ws/src/Autonomous-Inspection-POC/install/gazebo/share/colcon-core/packages/gazebo)
[0.763s] Level 1:colcon.colcon_core.environment:create_environment_scripts_only(gazebo)
[0.764s] Level 1:colcon.colcon_core.environment:checking '/home/ki2/Desktop/ros2_ws/src/Autonomous-Inspection-POC/install/gazebo' for CMake module files
[0.765s] Level 1:colcon.colcon_core.environment:checking '/home/ki2/Desktop/ros2_ws/src/Autonomous-Inspection-POC/install/gazebo' for CMake config files
[0.765s] Level 1:colcon.colcon_core.shell:create_environment_hook('gazebo', 'cmake_prefix_path')
[0.765s] INFO:colcon.colcon_core.shell:Creating environment hook '/home/ki2/Desktop/ros2_ws/src/Autonomous-Inspection-POC/install/gazebo/share/gazebo/hook/cmake_prefix_path.ps1'
[0.766s] INFO:colcon.colcon_core.shell:Creating environment descriptor '/home/ki2/Desktop/ros2_ws/src/Autonomous-Inspection-POC/install/gazebo/share/gazebo/hook/cmake_prefix_path.dsv'
[0.766s] INFO:colcon.colcon_core.shell:Creating environment hook '/home/ki2/Desktop/ros2_ws/src/Autonomous-Inspection-POC/install/gazebo/share/gazebo/hook/cmake_prefix_path.sh'
[0.767s] Level 1:colcon.colcon_core.environment:checking '/home/ki2/Desktop/ros2_ws/src/Autonomous-Inspection-POC/install/gazebo/bin'
[0.767s] Level 1:colcon.colcon_core.environment:checking '/home/ki2/Desktop/ros2_ws/src/Autonomous-Inspection-POC/install/gazebo/lib/pkgconfig/gazebo.pc'
[0.767s] Level 1:colcon.colcon_core.environment:checking '/home/ki2/Desktop/ros2_ws/src/Autonomous-Inspection-POC/install/gazebo/lib/python3.8/site-packages'
[0.767s] INFO:colcon.colcon_core.shell:Creating package script '/home/ki2/Desktop/ros2_ws/src/Autonomous-Inspection-POC/install/gazebo/share/gazebo/package.ps1'
[0.768s] INFO:colcon.colcon_core.shell:Creating package descriptor '/home/ki2/Desktop/ros2_ws/src/Autonomous-Inspection-POC/install/gazebo/share/gazebo/package.dsv'
[0.768s] INFO:colcon.colcon_core.shell:Creating package script '/home/ki2/Desktop/ros2_ws/src/Autonomous-Inspection-POC/install/gazebo/share/gazebo/package.sh'
[0.768s] INFO:colcon.colcon_core.shell:Creating package script '/home/ki2/Desktop/ros2_ws/src/Autonomous-Inspection-POC/install/gazebo/share/gazebo/package.bash'
[0.769s] INFO:colcon.colcon_core.shell:Creating package script '/home/ki2/Desktop/ros2_ws/src/Autonomous-Inspection-POC/install/gazebo/share/gazebo/package.zsh'
[0.769s] Level 1:colcon.colcon_core.environment:create_file_with_runtime_dependencies(/home/ki2/Desktop/ros2_ws/src/Autonomous-Inspection-POC/install/gazebo/share/colcon-core/packages/gazebo)
[0.959s] Level 1:colcon.colcon_core.environment:checking '/home/ki2/Desktop/ros2_ws/src/Autonomous-Inspection-POC/install/python_controller' for CMake module files
[0.960s] DEBUG:colcon.colcon_core.event_handler.log_command:Invoked command in '/home/ki2/Desktop/ros2_ws/src/Autonomous-Inspection-POC/path_planning/python_controller' returned '0': PYTHONPATH=/home/ki2/Desktop/ros2_ws/src/Autonomous-Inspection-POC/install/python_controller/lib/python3.8/site-packages:${PYTHONPATH} /usr/bin/python3 setup.py egg_info --egg-base ../../build/python_controller build --build-base /home/ki2/Desktop/ros2_ws/src/Autonomous-Inspection-POC/build/python_controller/build install --prefix /home/ki2/Desktop/ros2_ws/src/Autonomous-Inspection-POC/install/python_controller --record /home/ki2/Desktop/ros2_ws/src/Autonomous-Inspection-POC/build/python_controller/install.log --single-version-externally-managed
[0.960s] Level 1:colcon.colcon_core.environment:checking '/home/ki2/Desktop/ros2_ws/src/Autonomous-Inspection-POC/install/python_controller' for CMake config files
[0.961s] Level 1:colcon.colcon_core.environment:checking '/home/ki2/Desktop/ros2_ws/src/Autonomous-Inspection-POC/install/python_controller/lib'
[0.961s] Level 1:colcon.colcon_core.environment:checking '/home/ki2/Desktop/ros2_ws/src/Autonomous-Inspection-POC/install/python_controller/bin'
[0.961s] Level 1:colcon.colcon_core.environment:checking '/home/ki2/Desktop/ros2_ws/src/Autonomous-Inspection-POC/install/python_controller/lib/pkgconfig/python_controller.pc'
[0.961s] Level 1:colcon.colcon_core.environment:checking '/home/ki2/Desktop/ros2_ws/src/Autonomous-Inspection-POC/install/python_controller/lib/python3.8/site-packages'
[0.961s] Level 1:colcon.colcon_core.shell:create_environment_hook('python_controller', 'pythonpath')
[0.962s] INFO:colcon.colcon_core.shell:Creating environment hook '/home/ki2/Desktop/ros2_ws/src/Autonomous-Inspection-POC/install/python_controller/share/python_controller/hook/pythonpath.ps1'
[0.963s] INFO:colcon.colcon_core.shell:Creating environment descriptor '/home/ki2/Desktop/ros2_ws/src/Autonomous-Inspection-POC/install/python_controller/share/python_controller/hook/pythonpath.dsv'
[0.963s] INFO:colcon.colcon_core.shell:Creating environment hook '/home/ki2/Desktop/ros2_ws/src/Autonomous-Inspection-POC/install/python_controller/share/python_controller/hook/pythonpath.sh'
[0.963s] Level 1:colcon.colcon_core.environment:create_environment_scripts_only(python_controller)
[0.964s] INFO:colcon.colcon_core.shell:Creating package script '/home/ki2/Desktop/ros2_ws/src/Autonomous-Inspection-POC/install/python_controller/share/python_controller/package.ps1'
[0.964s] INFO:colcon.colcon_core.shell:Creating package descriptor '/home/ki2/Desktop/ros2_ws/src/Autonomous-Inspection-POC/install/python_controller/share/python_controller/package.dsv'
[0.965s] INFO:colcon.colcon_core.shell:Creating package script '/home/ki2/Desktop/ros2_ws/src/Autonomous-Inspection-POC/install/python_controller/share/python_controller/package.sh'
[0.965s] INFO:colcon.colcon_core.shell:Creating package script '/home/ki2/Desktop/ros2_ws/src/Autonomous-Inspection-POC/install/python_controller/share/python_controller/package.bash'
[0.966s] INFO:colcon.colcon_core.shell:Creating package script '/home/ki2/Desktop/ros2_ws/src/Autonomous-Inspection-POC/install/python_controller/share/python_controller/package.zsh'
[0.966s] Level 1:colcon.colcon_core.environment:create_file_with_runtime_dependencies(/home/ki2/Desktop/ros2_ws/src/Autonomous-Inspection-POC/install/python_controller/share/colcon-core/packages/python_controller)
[0.968s] Level 1:colcon.colcon_core.environment:checking '/home/ki2/Desktop/ros2_ws/src/Autonomous-Inspection-POC/install/edf_thrust_controller' for CMake module files
[0.968s] DEBUG:colcon.colcon_core.event_handler.log_command:Invoked command in '/home/ki2/Desktop/ros2_ws/src/Autonomous-Inspection-POC/path_planning/edf_thrust_controller' returned '0': PYTHONPATH=/home/ki2/Desktop/ros2_ws/src/Autonomous-Inspection-POC/install/edf_thrust_controller/lib/python3.8/site-packages:${PYTHONPATH} /usr/bin/python3 setup.py egg_info --egg-base ../../build/edf_thrust_controller build --build-base /home/ki2/Desktop/ros2_ws/src/Autonomous-Inspection-POC/build/edf_thrust_controller/build install --prefix /home/ki2/Desktop/ros2_ws/src/Autonomous-Inspection-POC/install/edf_thrust_controller --record /home/ki2/Desktop/ros2_ws/src/Autonomous-Inspection-POC/build/edf_thrust_controller/install.log --single-version-externally-managed
[0.969s] Level 1:colcon.colcon_core.environment:checking '/home/ki2/Desktop/ros2_ws/src/Autonomous-Inspection-POC/install/edf_thrust_controller' for CMake config files
[0.969s] Level 1:colcon.colcon_core.environment:checking '/home/ki2/Desktop/ros2_ws/src/Autonomous-Inspection-POC/install/edf_thrust_controller/lib'
[0.969s] Level 1:colcon.colcon_core.environment:checking '/home/ki2/Desktop/ros2_ws/src/Autonomous-Inspection-POC/install/edf_thrust_controller/bin'
[0.969s] Level 1:colcon.colcon_core.environment:checking '/home/ki2/Desktop/ros2_ws/src/Autonomous-Inspection-POC/install/edf_thrust_controller/lib/pkgconfig/edf_thrust_controller.pc'
[0.969s] Level 1:colcon.colcon_core.environment:checking '/home/ki2/Desktop/ros2_ws/src/Autonomous-Inspection-POC/install/edf_thrust_controller/lib/python3.8/site-packages'
[0.969s] Level 1:colcon.colcon_core.shell:create_environment_hook('edf_thrust_controller', 'pythonpath')
[0.970s] INFO:colcon.colcon_core.shell:Creating environment hook '/home/ki2/Desktop/ros2_ws/src/Autonomous-Inspection-POC/install/edf_thrust_controller/share/edf_thrust_controller/hook/pythonpath.ps1'
[0.970s] INFO:colcon.colcon_core.shell:Creating environment descriptor '/home/ki2/Desktop/ros2_ws/src/Autonomous-Inspection-POC/install/edf_thrust_controller/share/edf_thrust_controller/hook/pythonpath.dsv'
[0.971s] INFO:colcon.colcon_core.shell:Creating environment hook '/home/ki2/Desktop/ros2_ws/src/Autonomous-Inspection-POC/install/edf_thrust_controller/share/edf_thrust_controller/hook/pythonpath.sh'
[0.971s] Level 1:colcon.colcon_core.environment:create_environment_scripts_only(edf_thrust_controller)
[0.971s] INFO:colcon.colcon_core.shell:Creating package script '/home/ki2/Desktop/ros2_ws/src/Autonomous-Inspection-POC/install/edf_thrust_controller/share/edf_thrust_controller/package.ps1'
[0.972s] INFO:colcon.colcon_core.shell:Creating package descriptor '/home/ki2/Desktop/ros2_ws/src/Autonomous-Inspection-POC/install/edf_thrust_controller/share/edf_thrust_controller/package.dsv'
[0.972s] INFO:colcon.colcon_core.shell:Creating package script '/home/ki2/Desktop/ros2_ws/src/Autonomous-Inspection-POC/install/edf_thrust_controller/share/edf_thrust_controller/package.sh'
[0.973s] INFO:colcon.colcon_core.shell:Creating package script '/home/ki2/Desktop/ros2_ws/src/Autonomous-Inspection-POC/install/edf_thrust_controller/share/edf_thrust_controller/package.bash'
[0.973s] INFO:colcon.colcon_core.shell:Creating package script '/home/ki2/Desktop/ros2_ws/src/Autonomous-Inspection-POC/install/edf_thrust_controller/share/edf_thrust_controller/package.zsh'
[0.973s] Level 1:colcon.colcon_core.environment:create_file_with_runtime_dependencies(/home/ki2/Desktop/ros2_ws/src/Autonomous-Inspection-POC/install/edf_thrust_controller/share/colcon-core/packages/edf_thrust_controller)
[0.974s] DEBUG:colcon.colcon_parallel_executor.executor.parallel:closing loop
[0.974s] DEBUG:colcon.colcon_parallel_executor.executor.parallel:loop closed
[0.974s] DEBUG:colcon.colcon_parallel_executor.executor.parallel:run_until_complete finished with '0'
[0.974s] DEBUG:colcon.colcon_core.event_reactor:joining thread
[0.980s] INFO:colcon.colcon_core.plugin_system:Skipping extension 'colcon_notification.desktop_notification.terminal_notifier': Not used on non-Darwin systems
[0.980s] INFO:colcon.colcon_core.plugin_system:Skipping extension 'colcon_notification.desktop_notification.win32': Not used on non-Windows systems
[0.980s] INFO:colcon.colcon_notification.desktop_notification:Sending desktop notification using 'notify2'
[0.993s] DEBUG:colcon.colcon_core.event_reactor:joined thread
[0.994s] INFO:colcon.colcon_core.shell:Creating prefix script '/home/ki2/Desktop/ros2_ws/src/Autonomous-Inspection-POC/install/local_setup.ps1'
[0.995s] INFO:colcon.colcon_core.shell:Creating prefix util module '/home/ki2/Desktop/ros2_ws/src/Autonomous-Inspection-POC/install/_local_setup_util_ps1.py'
[0.996s] INFO:colcon.colcon_core.shell:Creating prefix chain script '/home/ki2/Desktop/ros2_ws/src/Autonomous-Inspection-POC/install/setup.ps1'
[0.998s] INFO:colcon.colcon_core.shell:Creating prefix script '/home/ki2/Desktop/ros2_ws/src/Autonomous-Inspection-POC/install/local_setup.sh'
[0.999s] INFO:colcon.colcon_core.shell:Creating prefix util module '/home/ki2/Desktop/ros2_ws/src/Autonomous-Inspection-POC/install/_local_setup_util_sh.py'
[0.999s] INFO:colcon.colcon_core.shell:Creating prefix chain script '/home/ki2/Desktop/ros2_ws/src/Autonomous-Inspection-POC/install/setup.sh'
[1.003s] INFO:colcon.colcon_core.shell:Creating prefix script '/home/ki2/Desktop/ros2_ws/src/Autonomous-Inspection-POC/install/local_setup.bash'
[1.003s] INFO:colcon.colcon_core.shell:Creating prefix chain script '/home/ki2/Desktop/ros2_ws/src/Autonomous-Inspection-POC/install/setup.bash'
[1.005s] INFO:colcon.colcon_core.shell:Creating prefix script '/home/ki2/Desktop/ros2_ws/src/Autonomous-Inspection-POC/install/local_setup.zsh'
[1.005s] INFO:colcon.colcon_core.shell:Creating prefix chain script '/home/ki2/Desktop/ros2_ws/src/Autonomous-Inspection-POC/install/setup.zsh'
