-- The C compiler identification is GNU 9.3.0
-- The CXX compiler identification is GNU 9.3.0
-- Check for working C compiler: /usr/bin/cc
-- Check for working C compiler: /usr/bin/cc -- works
-- Detecting C compiler ABI info
-- Detecting C compiler ABI info - done
-- Detecting C compile features
-- Detecting C compile features - done
-- Check for working CXX compiler: /usr/bin/c++
-- Check for working CXX compiler: /usr/bin/c++ -- works
-- Detecting CXX compiler ABI info
-- Detecting CXX compiler ABI info - done
-- Detecting CXX compile features
-- Detecting CXX compile features - done
-- Found PkgConfig: /usr/bin/pkg-config (found version "0.29.1") 
-- Checking for module 'bullet>=2.82'
--   Found bullet, version 2.88
-- Found ccd: /usr/include (found suitable version "2.0", minimum required is "2.0") 
-- Found fcl: /usr/include (found suitable version "0.5.0", minimum required is "0.3.2") 
-- Found assimp: /usr/include (found version "5.0.0") 
-- Found DART: /usr/include (Required is at least version "6.6") found components: dart 
-- Found Boost: /usr/lib/x86_64-linux-gnu/cmake/Boost-1.71.0/BoostConfig.cmake (found suitable version "1.71.0", minimum required is "1.40.0") found components: thread system filesystem program_options regex iostreams date_time 
-- Found Protobuf: /usr/lib/x86_64-linux-gnu/libprotobuf.so;-lpthread (found version "3.6.1") 
-- Looking for ignition-math6 -- found version 6.8.0
-- Searching for dependencies of ignition-math6
-- Looking for OGRE...
-- OGRE_PREFIX_WATCH changed.
-- Checking for module 'OGRE'
--   Found OGRE, version 1.9.0
-- Found Ogre Ghadamon (1.9.0)
-- Found OGRE: optimized;/usr/lib/x86_64-linux-gnu/libOgreMain.so;debug;/usr/lib/x86_64-linux-gnu/libOgreMain.so
-- Looking for OGRE_Paging...
-- Found OGRE_Paging: optimized;/usr/lib/x86_64-linux-gnu/libOgrePaging.so;debug;/usr/lib/x86_64-linux-gnu/libOgrePaging.so
-- Looking for OGRE_Terrain...
-- Found OGRE_Terrain: optimized;/usr/lib/x86_64-linux-gnu/libOgreTerrain.so;debug;/usr/lib/x86_64-linux-gnu/libOgreTerrain.so
-- Looking for OGRE_Property...
-- Found OGRE_Property: optimized;/usr/lib/x86_64-linux-gnu/libOgreProperty.so;debug;/usr/lib/x86_64-linux-gnu/libOgreProperty.so
-- Looking for OGRE_RTShaderSystem...
-- Found OGRE_RTShaderSystem: optimized;/usr/lib/x86_64-linux-gnu/libOgreRTShaderSystem.so;debug;/usr/lib/x86_64-linux-gnu/libOgreRTShaderSystem.so
-- Looking for OGRE_Volume...
-- Found OGRE_Volume: optimized;/usr/lib/x86_64-linux-gnu/libOgreVolume.so;debug;/usr/lib/x86_64-linux-gnu/libOgreVolume.so
-- Looking for OGRE_Overlay...
-- Found OGRE_Overlay: optimized;/usr/lib/x86_64-linux-gnu/libOgreOverlay.so;debug;/usr/lib/x86_64-linux-gnu/libOgreOverlay.so
-- Looking for ignition-math6 -- found version 6.8.0
-- Looking for ignition-transport8 -- found version 8.2.0
-- Searching for dependencies of ignition-transport8
-- Found Protobuf: /usr/lib/x86_64-linux-gnu/libprotobuf.so;-lpthread (found suitable version "3.6.1", minimum required is "3") 
-- Config-file not installed for ZeroMQ -- checking for pkg-config
-- Checking for module 'libzmq >= 4'
--   Found libzmq , version 4.3.2
-- Found ZeroMQ: TRUE (Required is at least version "4") 
-- Checking for module 'uuid'
--   Found uuid, version 2.34.0
-- Found UUID: TRUE  
-- Looking for ignition-msgs5 -- found version 5.7.0
-- Searching for dependencies of ignition-msgs5
-- Looking for ignition-math6 -- found version 6.8.0
-- Checking for module 'tinyxml2'
--   Found tinyxml2, version 6.2.0
-- Looking for ignition-msgs5 -- found version 5.7.0
-- Looking for ignition-common3 -- found version 3.13.1
-- Searching for dependencies of ignition-common3
-- Looking for dlfcn.h - found
-- Looking for libdl - found
-- Found DL: TRUE  
-- Searching for <ignition-common3> component [graphics]
-- Looking for ignition-common3-graphics -- found version 3.13.1
-- Searching for dependencies of ignition-common3-graphics
-- Looking for ignition-math6 -- found version 6.8.0
-- Looking for ignition-fuel_tools4 -- found version 4.3.0
-- Searching for dependencies of ignition-fuel_tools4
-- Found CURL: /usr/lib/x86_64-linux-gnu/libcurl.so (found version "7.68.0")  
-- Checking for module 'jsoncpp'
--   Found jsoncpp, version 1.7.4
-- Found JSONCPP: TRUE  
-- Checking for module 'libzip'
--   Found libzip, version 1.5.1
-- Found ZIP: TRUE  
-- Looking for ignition-common3 -- found version 3.13.1
-- Looking for ignition-msgs5 -- found version 5.7.0
-- Found ament_cmake: 0.9.9 (/opt/ros/foxy/share/ament_cmake/cmake)
-- Found PythonInterp: /usr/bin/python3 (found suitable version "3.8.10", minimum required is "3") 
-- Using PYTHON_EXECUTABLE: /usr/bin/python3
-- Found ament_lint_auto: 0.9.6 (/opt/ros/foxy/share/ament_lint_auto/cmake)
-- Added test 'copyright' to check source files copyright and LICENSE
-- Added test 'flake8' to check Python code syntax and style conventions
-- Added test 'lint_cmake' to check CMake code style
-- Added test 'pep257' to check Python code against some of the style conventions in PEP 257
-- Added test 'xmllint' to check XML markup files
-- Configuring done
-- Generating done
-- Build files have been written to: /home/ki2/Desktop/ros2_ws/src/Autonomous-Inspection-POC/build/gazebo
-- Install configuration: ""
-- Installing: /home/ki2/Desktop/ros2_ws/src/Autonomous-Inspection-POC/install/gazebo/share/gazebo//launch
-- Installing: /home/ki2/Desktop/ros2_ws/src/Autonomous-Inspection-POC/install/gazebo/share/gazebo//launch/iBot_world.launch.py
-- Installing: /home/ki2/Desktop/ros2_ws/src/Autonomous-Inspection-POC/install/gazebo/share/gazebo//launch/__pycache__
-- Installing: /home/ki2/Desktop/ros2_ws/src/Autonomous-Inspection-POC/install/gazebo/share/gazebo//launch/__pycache__/dolly.launch.cpython-38.pyc
-- Installing: /home/ki2/Desktop/ros2_ws/src/Autonomous-Inspection-POC/install/gazebo/share/gazebo//models
-- Installing: /home/ki2/Desktop/ros2_ws/src/Autonomous-Inspection-POC/install/gazebo/share/gazebo//models/aircraft
-- Installing: /home/ki2/Desktop/ros2_ws/src/Autonomous-Inspection-POC/install/gazebo/share/gazebo//models/aircraft/model.config
-- Installing: /home/ki2/Desktop/ros2_ws/src/Autonomous-Inspection-POC/install/gazebo/share/gazebo//models/aircraft/model.sdf
-- Installing: /home/ki2/Desktop/ros2_ws/src/Autonomous-Inspection-POC/install/gazebo/share/gazebo//models/aircraft/meshes
-- Installing: /home/ki2/Desktop/ros2_ws/src/Autonomous-Inspection-POC/install/gazebo/share/gazebo//models/aircraft/meshes/cessna.obj
-- Installing: /home/ki2/Desktop/ros2_ws/src/Autonomous-Inspection-POC/install/gazebo/share/gazebo//models/aircraft/meshes/cessna.mtl
-- Installing: /home/ki2/Desktop/ros2_ws/src/Autonomous-Inspection-POC/install/gazebo/share/gazebo//models/iBot
-- Installing: /home/ki2/Desktop/ros2_ws/src/Autonomous-Inspection-POC/install/gazebo/share/gazebo//models/iBot/model.config
-- Installing: /home/ki2/Desktop/ros2_ws/src/Autonomous-Inspection-POC/install/gazebo/share/gazebo//models/iBot/iBot_v1.png
-- Installing: /home/ki2/Desktop/ros2_ws/src/Autonomous-Inspection-POC/install/gazebo/share/gazebo//models/iBot/model.sdf
-- Installing: /home/ki2/Desktop/ros2_ws/src/Autonomous-Inspection-POC/install/gazebo/share/gazebo//models/iBot/meshes
-- Installing: /home/ki2/Desktop/ros2_ws/src/Autonomous-Inspection-POC/install/gazebo/share/gazebo//models/iBot/meshes/chassis.STL
-- Installing: /home/ki2/Desktop/ros2_ws/src/Autonomous-Inspection-POC/install/gazebo/share/gazebo//models/iBot/meshes/wheel.SLDPRT
-- Installing: /home/ki2/Desktop/ros2_ws/src/Autonomous-Inspection-POC/install/gazebo/share/gazebo//models/iBot/meshes/chassis.obj
-- Installing: /home/ki2/Desktop/ros2_ws/src/Autonomous-Inspection-POC/install/gazebo/share/gazebo//models/iBot/meshes/chassis.dae
-- Installing: /home/ki2/Desktop/ros2_ws/src/Autonomous-Inspection-POC/install/gazebo/share/gazebo//models/iBot/meshes/chassis.SLDPRT
-- Installing: /home/ki2/Desktop/ros2_ws/src/Autonomous-Inspection-POC/install/gazebo/share/gazebo//models/iBot/meshes/wheel.STL
-- Installing: /home/ki2/Desktop/ros2_ws/src/Autonomous-Inspection-POC/install/gazebo/share/gazebo//worlds
-- Installing: /home/ki2/Desktop/ros2_ws/src/Autonomous-Inspection-POC/install/gazebo/share/gazebo//worlds/empty_area.world
-- Installing: /home/ki2/Desktop/ros2_ws/src/Autonomous-Inspection-POC/install/gazebo/share/gazebo//worlds/iBot.world
-- Installing: /home/ki2/Desktop/ros2_ws/src/Autonomous-Inspection-POC/install/gazebo/share/ament_index/resource_index/package_run_dependencies/gazebo
-- Installing: /home/ki2/Desktop/ros2_ws/src/Autonomous-Inspection-POC/install/gazebo/share/ament_index/resource_index/parent_prefix_path/gazebo
-- Installing: /home/ki2/Desktop/ros2_ws/src/Autonomous-Inspection-POC/install/gazebo/share/gazebo/environment/ament_prefix_path.sh
-- Installing: /home/ki2/Desktop/ros2_ws/src/Autonomous-Inspection-POC/install/gazebo/share/gazebo/environment/ament_prefix_path.dsv
-- Installing: /home/ki2/Desktop/ros2_ws/src/Autonomous-Inspection-POC/install/gazebo/share/gazebo/environment/path.sh
-- Installing: /home/ki2/Desktop/ros2_ws/src/Autonomous-Inspection-POC/install/gazebo/share/gazebo/environment/path.dsv
-- Installing: /home/ki2/Desktop/ros2_ws/src/Autonomous-Inspection-POC/install/gazebo/share/gazebo/local_setup.bash
-- Installing: /home/ki2/Desktop/ros2_ws/src/Autonomous-Inspection-POC/install/gazebo/share/gazebo/local_setup.sh
-- Installing: /home/ki2/Desktop/ros2_ws/src/Autonomous-Inspection-POC/install/gazebo/share/gazebo/local_setup.zsh
-- Installing: /home/ki2/Desktop/ros2_ws/src/Autonomous-Inspection-POC/install/gazebo/share/gazebo/local_setup.dsv
-- Installing: /home/ki2/Desktop/ros2_ws/src/Autonomous-Inspection-POC/install/gazebo/share/gazebo/package.dsv
-- Installing: /home/ki2/Desktop/ros2_ws/src/Autonomous-Inspection-POC/install/gazebo/share/ament_index/resource_index/packages/gazebo
-- Installing: /home/ki2/Desktop/ros2_ws/src/Autonomous-Inspection-POC/install/gazebo/share/gazebo/cmake/gazeboConfig.cmake
-- Installing: /home/ki2/Desktop/ros2_ws/src/Autonomous-Inspection-POC/install/gazebo/share/gazebo/cmake/gazeboConfig-version.cmake
-- Installing: /home/ki2/Desktop/ros2_ws/src/Autonomous-Inspection-POC/install/gazebo/share/gazebo/package.xml
