[0.203s] Invoking command in '/home/ki2/Desktop/ros2_ws/src/Autonomous-Inspection-POC/build/gazebo': CMAKE_PREFIX_PATH=/opt/ros/foxy /usr/bin/cmake /home/ki2/Desktop/ros2_ws/src/Autonomous-Inspection-POC/gazebo -DCMAKE_INSTALL_PREFIX=/home/ki2/Desktop/ros2_ws/src/Autonomous-Inspection-POC/install/gazebo
[0.402s] -- The C compiler identification is GNU 9.3.0
[0.402s] -- The CXX compiler identification is GNU 9.3.0
[0.403s] -- Check for working C compiler: /usr/bin/cc
[0.403s] -- Check for working C compiler: /usr/bin/cc -- works
[0.404s] -- Detecting C compiler ABI info
[0.411s] -- Detecting C compiler ABI info - done
[0.428s] -- Detecting C compile features
[0.429s] -- Detecting C compile features - done
[0.432s] -- Check for working CXX compiler: /usr/bin/c++
[0.500s] -- Check for working CXX compiler: /usr/bin/c++ -- works
[0.501s] -- Detecting CXX compiler ABI info
[0.567s] -- Detecting CXX compiler ABI info - done
[0.578s] -- Detecting CXX compile features
[0.578s] -- Detecting CXX compile features - done
[0.583s] -- Found PkgConfig: /usr/bin/pkg-config (found version "0.29.1") 
[0.587s] -- Checking for module 'bullet>=2.82'
[0.599s] --   Found bullet, version 2.88
[0.700s] -- Found ccd: /usr/include (found suitable version "2.0", minimum required is "2.0") 
[0.745s] -- Found fcl: /usr/include (found suitable version "0.5.0", minimum required is "0.3.2") 
[0.785s] -- Found assimp: /usr/include (found version "5.0.0") 
[0.803s] -- Found DART: /usr/include (Required is at least version "6.6") found components: dart 
[1.045s] -- Found Boost: /usr/lib/x86_64-linux-gnu/cmake/Boost-1.71.0/BoostConfig.cmake (found suitable version "1.71.0", minimum required is "1.40.0") found components: thread system filesystem program_options regex iostreams date_time 
[1.063s] -- Found Protobuf: /usr/lib/x86_64-linux-gnu/libprotobuf.so;-lpthread (found version "3.6.1") 
[1.066s] -- Looking for ignition-math6 -- found version 6.8.0
[1.070s] -- Searching for dependencies of ignition-math6
[1.072s] -- Looking for OGRE...
[1.073s] -- OGRE_PREFIX_WATCH changed.
[1.076s] -- Checking for module 'OGRE'
[1.087s] --   Found OGRE, version 1.9.0
[1.113s] -- Found Ogre Ghadamon (1.9.0)
[1.119s] -- Found OGRE: optimized;/usr/lib/x86_64-linux-gnu/libOgreMain.so;debug;/usr/lib/x86_64-linux-gnu/libOgreMain.so
[1.129s] -- Looking for OGRE_Paging...
[1.134s] -- Found OGRE_Paging: optimized;/usr/lib/x86_64-linux-gnu/libOgrePaging.so;debug;/usr/lib/x86_64-linux-gnu/libOgrePaging.so
[1.134s] -- Looking for OGRE_Terrain...
[1.138s] -- Found OGRE_Terrain: optimized;/usr/lib/x86_64-linux-gnu/libOgreTerrain.so;debug;/usr/lib/x86_64-linux-gnu/libOgreTerrain.so
[1.139s] -- Looking for OGRE_Property...
[1.143s] -- Found OGRE_Property: optimized;/usr/lib/x86_64-linux-gnu/libOgreProperty.so;debug;/usr/lib/x86_64-linux-gnu/libOgreProperty.so
[1.143s] -- Looking for OGRE_RTShaderSystem...
[1.148s] -- Found OGRE_RTShaderSystem: optimized;/usr/lib/x86_64-linux-gnu/libOgreRTShaderSystem.so;debug;/usr/lib/x86_64-linux-gnu/libOgreRTShaderSystem.so
[1.148s] -- Looking for OGRE_Volume...
[1.152s] -- Found OGRE_Volume: optimized;/usr/lib/x86_64-linux-gnu/libOgreVolume.so;debug;/usr/lib/x86_64-linux-gnu/libOgreVolume.so
[1.153s] -- Looking for OGRE_Overlay...
[1.157s] -- Found OGRE_Overlay: optimized;/usr/lib/x86_64-linux-gnu/libOgreOverlay.so;debug;/usr/lib/x86_64-linux-gnu/libOgreOverlay.so
[1.248s] -- Looking for ignition-math6 -- found version 6.8.0
[1.249s] -- Looking for ignition-transport8 -- found version 8.2.0
[1.250s] -- Searching for dependencies of ignition-transport8
[1.264s] -- Found Protobuf: /usr/lib/x86_64-linux-gnu/libprotobuf.so;-lpthread (found suitable version "3.6.1", minimum required is "3") 
[1.272s] -- Config-file not installed for ZeroMQ -- checking for pkg-config
[1.276s] -- Checking for module 'libzmq >= 4'
[1.286s] --   Found libzmq , version 4.3.2
[1.314s] -- Found ZeroMQ: TRUE (Required is at least version "4") 
[1.318s] -- Checking for module 'uuid'
[1.329s] --   Found uuid, version 2.34.0
[1.356s] -- Found UUID: TRUE  
[1.357s] -- Looking for ignition-msgs5 -- found version 5.7.0
[1.357s] -- Searching for dependencies of ignition-msgs5
[1.373s] -- Looking for ignition-math6 -- found version 6.8.0
[1.377s] -- Checking for module 'tinyxml2'
[1.387s] --   Found tinyxml2, version 6.2.0
[1.415s] -- Looking for ignition-msgs5 -- found version 5.7.0
[1.417s] -- Looking for ignition-common3 -- found version 3.13.1
[1.417s] -- Searching for dependencies of ignition-common3
[1.417s] -- Looking for dlfcn.h - found
[1.418s] -- Looking for libdl - found
[1.419s] -- Found DL: TRUE  
[1.425s] -- Searching for <ignition-common3> component [graphics]
[1.426s] -- Looking for ignition-common3-graphics -- found version 3.13.1
[1.426s] -- Searching for dependencies of ignition-common3-graphics
[1.427s] -- Looking for ignition-math6 -- found version 6.8.0
[1.429s] -- Looking for ignition-fuel_tools4 -- found version 4.3.0
[1.429s] -- Searching for dependencies of ignition-fuel_tools4
[1.481s] -- Found CURL: /usr/lib/x86_64-linux-gnu/libcurl.so (found version "7.68.0")  
[1.487s] -- Checking for module 'jsoncpp'
[1.498s] --   Found jsoncpp, version 1.7.4
[1.525s] -- Found JSONCPP: TRUE  
[1.530s] -- Checking for module 'libzip'
[1.541s] --   Found libzip, version 1.5.1
[1.568s] -- Found ZIP: TRUE  
[1.568s] -- Looking for ignition-common3 -- found version 3.13.1
[1.568s] -- Looking for ignition-msgs5 -- found version 5.7.0
[1.570s] -- Found ament_cmake: 0.9.9 (/opt/ros/foxy/share/ament_cmake/cmake)
[1.591s] -- Found PythonInterp: /usr/bin/python3 (found suitable version "3.8.10", minimum required is "3") 
[1.591s] -- Using PYTHON_EXECUTABLE: /usr/bin/python3
[1.753s] -- Found ament_lint_auto: 0.9.6 (/opt/ros/foxy/share/ament_lint_auto/cmake)
[1.813s] -- Added test 'copyright' to check source files copyright and LICENSE
[1.816s] -- Added test 'flake8' to check Python code syntax and style conventions
[1.816s] -- Added test 'lint_cmake' to check CMake code style
[1.816s] -- Added test 'pep257' to check Python code against some of the style conventions in PEP 257
[1.818s] -- Added test 'xmllint' to check XML markup files
[1.820s] -- Configuring done
[1.822s] -- Generating done
[1.823s] -- Build files have been written to: /home/ki2/Desktop/ros2_ws/src/Autonomous-Inspection-POC/build/gazebo
[1.830s] Invoked command in '/home/ki2/Desktop/ros2_ws/src/Autonomous-Inspection-POC/build/gazebo' returned '0': CMAKE_PREFIX_PATH=/opt/ros/foxy /usr/bin/cmake /home/ki2/Desktop/ros2_ws/src/Autonomous-Inspection-POC/gazebo -DCMAKE_INSTALL_PREFIX=/home/ki2/Desktop/ros2_ws/src/Autonomous-Inspection-POC/install/gazebo
[1.832s] Invoking command in '/home/ki2/Desktop/ros2_ws/src/Autonomous-Inspection-POC/build/gazebo': CMAKE_PREFIX_PATH=/opt/ros/foxy /usr/bin/cmake --build /home/ki2/Desktop/ros2_ws/src/Autonomous-Inspection-POC/build/gazebo -- -j8 -l8
[1.865s] Invoked command in '/home/ki2/Desktop/ros2_ws/src/Autonomous-Inspection-POC/build/gazebo' returned '0': CMAKE_PREFIX_PATH=/opt/ros/foxy /usr/bin/cmake --build /home/ki2/Desktop/ros2_ws/src/Autonomous-Inspection-POC/build/gazebo -- -j8 -l8
[1.893s] Invoking command in '/home/ki2/Desktop/ros2_ws/src/Autonomous-Inspection-POC/build/gazebo': CMAKE_PREFIX_PATH=/opt/ros/foxy /usr/bin/cmake --install /home/ki2/Desktop/ros2_ws/src/Autonomous-Inspection-POC/build/gazebo
[1.900s] -- Install configuration: ""
[1.900s] -- Installing: /home/ki2/Desktop/ros2_ws/src/Autonomous-Inspection-POC/install/gazebo/share/gazebo//launch
[1.900s] -- Installing: /home/ki2/Desktop/ros2_ws/src/Autonomous-Inspection-POC/install/gazebo/share/gazebo//launch/iBot_world.launch.py
[1.900s] -- Installing: /home/ki2/Desktop/ros2_ws/src/Autonomous-Inspection-POC/install/gazebo/share/gazebo//launch/__pycache__
[1.900s] -- Installing: /home/ki2/Desktop/ros2_ws/src/Autonomous-Inspection-POC/install/gazebo/share/gazebo//launch/__pycache__/dolly.launch.cpython-38.pyc
[1.900s] -- Installing: /home/ki2/Desktop/ros2_ws/src/Autonomous-Inspection-POC/install/gazebo/share/gazebo//models
[1.900s] -- Installing: /home/ki2/Desktop/ros2_ws/src/Autonomous-Inspection-POC/install/gazebo/share/gazebo//models/aircraft
[1.900s] -- Installing: /home/ki2/Desktop/ros2_ws/src/Autonomous-Inspection-POC/install/gazebo/share/gazebo//models/aircraft/model.config
[1.901s] -- Installing: /home/ki2/Desktop/ros2_ws/src/Autonomous-Inspection-POC/install/gazebo/share/gazebo//models/aircraft/model.sdf
[1.901s] -- Installing: /home/ki2/Desktop/ros2_ws/src/Autonomous-Inspection-POC/install/gazebo/share/gazebo//models/aircraft/meshes
[1.901s] -- Installing: /home/ki2/Desktop/ros2_ws/src/Autonomous-Inspection-POC/install/gazebo/share/gazebo//models/aircraft/meshes/cessna.obj
[1.925s] -- Installing: /home/ki2/Desktop/ros2_ws/src/Autonomous-Inspection-POC/install/gazebo/share/gazebo//models/aircraft/meshes/cessna.mtl
[1.925s] -- Installing: /home/ki2/Desktop/ros2_ws/src/Autonomous-Inspection-POC/install/gazebo/share/gazebo//models/iBot
[1.926s] -- Installing: /home/ki2/Desktop/ros2_ws/src/Autonomous-Inspection-POC/install/gazebo/share/gazebo//models/iBot/model.config
[1.926s] -- Installing: /home/ki2/Desktop/ros2_ws/src/Autonomous-Inspection-POC/install/gazebo/share/gazebo//models/iBot/iBot_v1.png
[1.926s] -- Installing: /home/ki2/Desktop/ros2_ws/src/Autonomous-Inspection-POC/install/gazebo/share/gazebo//models/iBot/model.sdf
[1.926s] -- Installing: /home/ki2/Desktop/ros2_ws/src/Autonomous-Inspection-POC/install/gazebo/share/gazebo//models/iBot/meshes
[1.926s] -- Installing: /home/ki2/Desktop/ros2_ws/src/Autonomous-Inspection-POC/install/gazebo/share/gazebo//models/iBot/meshes/chassis.STL
[1.926s] -- Installing: /home/ki2/Desktop/ros2_ws/src/Autonomous-Inspection-POC/install/gazebo/share/gazebo//models/iBot/meshes/wheel.SLDPRT
[1.926s] -- Installing: /home/ki2/Desktop/ros2_ws/src/Autonomous-Inspection-POC/install/gazebo/share/gazebo//models/iBot/meshes/chassis.obj
[1.926s] -- Installing: /home/ki2/Desktop/ros2_ws/src/Autonomous-Inspection-POC/install/gazebo/share/gazebo//models/iBot/meshes/chassis.dae
[1.926s] -- Installing: /home/ki2/Desktop/ros2_ws/src/Autonomous-Inspection-POC/install/gazebo/share/gazebo//models/iBot/meshes/chassis.SLDPRT
[1.926s] -- Installing: /home/ki2/Desktop/ros2_ws/src/Autonomous-Inspection-POC/install/gazebo/share/gazebo//models/iBot/meshes/wheel.STL
[1.928s] -- Installing: /home/ki2/Desktop/ros2_ws/src/Autonomous-Inspection-POC/install/gazebo/share/gazebo//worlds
[1.928s] -- Installing: /home/ki2/Desktop/ros2_ws/src/Autonomous-Inspection-POC/install/gazebo/share/gazebo//worlds/empty_area.world
[1.928s] -- Installing: /home/ki2/Desktop/ros2_ws/src/Autonomous-Inspection-POC/install/gazebo/share/gazebo//worlds/iBot.world
[1.928s] -- Installing: /home/ki2/Desktop/ros2_ws/src/Autonomous-Inspection-POC/install/gazebo/share/ament_index/resource_index/package_run_dependencies/gazebo
[1.928s] -- Installing: /home/ki2/Desktop/ros2_ws/src/Autonomous-Inspection-POC/install/gazebo/share/ament_index/resource_index/parent_prefix_path/gazebo
[1.929s] -- Installing: /home/ki2/Desktop/ros2_ws/src/Autonomous-Inspection-POC/install/gazebo/share/gazebo/environment/ament_prefix_path.sh
[1.929s] -- Installing: /home/ki2/Desktop/ros2_ws/src/Autonomous-Inspection-POC/install/gazebo/share/gazebo/environment/ament_prefix_path.dsv
[1.929s] -- Installing: /home/ki2/Desktop/ros2_ws/src/Autonomous-Inspection-POC/install/gazebo/share/gazebo/environment/path.sh
[1.929s] -- Installing: /home/ki2/Desktop/ros2_ws/src/Autonomous-Inspection-POC/install/gazebo/share/gazebo/environment/path.dsv
[1.929s] -- Installing: /home/ki2/Desktop/ros2_ws/src/Autonomous-Inspection-POC/install/gazebo/share/gazebo/local_setup.bash
[1.929s] -- Installing: /home/ki2/Desktop/ros2_ws/src/Autonomous-Inspection-POC/install/gazebo/share/gazebo/local_setup.sh
[1.929s] -- Installing: /home/ki2/Desktop/ros2_ws/src/Autonomous-Inspection-POC/install/gazebo/share/gazebo/local_setup.zsh
[1.929s] -- Installing: /home/ki2/Desktop/ros2_ws/src/Autonomous-Inspection-POC/install/gazebo/share/gazebo/local_setup.dsv
[1.929s] -- Installing: /home/ki2/Desktop/ros2_ws/src/Autonomous-Inspection-POC/install/gazebo/share/gazebo/package.dsv
[1.930s] -- Installing: /home/ki2/Desktop/ros2_ws/src/Autonomous-Inspection-POC/install/gazebo/share/ament_index/resource_index/packages/gazebo
[1.930s] -- Installing: /home/ki2/Desktop/ros2_ws/src/Autonomous-Inspection-POC/install/gazebo/share/gazebo/cmake/gazeboConfig.cmake
[1.930s] -- Installing: /home/ki2/Desktop/ros2_ws/src/Autonomous-Inspection-POC/install/gazebo/share/gazebo/cmake/gazeboConfig-version.cmake
[1.930s] -- Installing: /home/ki2/Desktop/ros2_ws/src/Autonomous-Inspection-POC/install/gazebo/share/gazebo/package.xml
[1.933s] Invoked command in '/home/ki2/Desktop/ros2_ws/src/Autonomous-Inspection-POC/build/gazebo' returned '0': CMAKE_PREFIX_PATH=/opt/ros/foxy /usr/bin/cmake --install /home/ki2/Desktop/ros2_ws/src/Autonomous-Inspection-POC/build/gazebo
