[0.396s] Invoking command in '/home/ki2/Desktop/ros2_ws/src/Autonomous-Inspection-POC/path_planning/python_controller': PYTHONPATH=/home/ki2/Desktop/ros2_ws/src/Autonomous-Inspection-POC/install/python_controller/lib/python3.8/site-packages:${PYTHONPATH} /usr/bin/python3 setup.py egg_info --egg-base ../../build/python_controller build --build-base /home/ki2/Desktop/ros2_ws/src/Autonomous-Inspection-POC/build/python_controller/build install --prefix /home/ki2/Desktop/ros2_ws/src/Autonomous-Inspection-POC/install/python_controller --record /home/ki2/Desktop/ros2_ws/src/Autonomous-Inspection-POC/build/python_controller/install.log --single-version-externally-managed
[0.577s] running egg_info
[0.577s] writing ../../build/python_controller/python_controller.egg-info/PKG-INFO
[0.577s] writing dependency_links to ../../build/python_controller/python_controller.egg-info/dependency_links.txt
[0.577s] writing entry points to ../../build/python_controller/python_controller.egg-info/entry_points.txt
[0.578s] writing requirements to ../../build/python_controller/python_controller.egg-info/requires.txt
[0.578s] writing top-level names to ../../build/python_controller/python_controller.egg-info/top_level.txt
[0.608s] reading manifest file '../../build/python_controller/python_controller.egg-info/SOURCES.txt'
[0.608s] writing manifest file '../../build/python_controller/python_controller.egg-info/SOURCES.txt'
[0.609s] running build
[0.609s] running build_py
[0.609s] running install
[0.610s] running install_lib
[0.610s] running install_data
[0.611s] running install_egg_info
[0.612s] removing '/home/ki2/Desktop/ros2_ws/src/Autonomous-Inspection-POC/install/python_controller/lib/python3.8/site-packages/python_controller-0.0.0-py3.8.egg-info' (and everything under it)
[0.612s] Copying ../../build/python_controller/python_controller.egg-info to /home/ki2/Desktop/ros2_ws/src/Autonomous-Inspection-POC/install/python_controller/lib/python3.8/site-packages/python_controller-0.0.0-py3.8.egg-info
[0.613s] running install_scripts
[0.629s] Installing python_controller script to /home/ki2/Desktop/ros2_ws/src/Autonomous-Inspection-POC/install/python_controller/lib/python_controller
[0.629s] writing list of installed files to '/home/ki2/Desktop/ros2_ws/src/Autonomous-Inspection-POC/build/python_controller/install.log'
[0.654s] Invoked command in '/home/ki2/Desktop/ros2_ws/src/Autonomous-Inspection-POC/path_planning/python_controller' returned '0': PYTHONPATH=/home/ki2/Desktop/ros2_ws/src/Autonomous-Inspection-POC/install/python_controller/lib/python3.8/site-packages:${PYTHONPATH} /usr/bin/python3 setup.py egg_info --egg-base ../../build/python_controller build --build-base /home/ki2/Desktop/ros2_ws/src/Autonomous-Inspection-POC/build/python_controller/build install --prefix /home/ki2/Desktop/ros2_ws/src/Autonomous-Inspection-POC/install/python_controller --record /home/ki2/Desktop/ros2_ws/src/Autonomous-Inspection-POC/build/python_controller/install.log --single-version-externally-managed
